[debug] > Exec(early(addDefaultCommands), None, None)
[debug] > Exec(addDefaultCommands, None, None)
[debug] > Exec(early(initialize), None, None)
[debug] > Exec(initialize, None, None)
[debug] > Exec(boot, None, None)
[debug] > Exec(writeSbtVersion, None, None)
[debug] > Exec(reload, None, None)
[debug] > Exec(sbtStashOnFailure, None, None)
[debug] > Exec(onFailure loadFailed, None, None)
[debug] > Exec(loadp, None, None)
[info] welcome to sbt 1.10.11 (Eclipse Adoptium Java 17.0.15)
[debug] Load.defaultLoad until apply took 21.416334ms
[debug]                       Load.loadUnit: plugins took 17.313125ms
[debug]                       Load.loadUnit: defsScala took 0.052917ms
[debug] [Loading] Scanning directory /Users/dashygo/Dev/Hardware/rvcpu/project/project/project
[debug]                         Load.loadUnit: mkEval took 1.6275ms
[debug] [Loading] Found non-root projects 
[debug] [Loading] Done in /Users/dashygo/Dev/Hardware/rvcpu/project/project/project, returning: ()
[debug] deducing auto plugins based on known facts Set(Atom(sbt.plugins.CorePlugin)) and clauses Clauses(Clause(Atom(sbt.plugins.JvmPlugin),Set(Atom(sbt.plugins.IvyPlugin)))
[debug] Clause(Atom(sbt.ScriptedPlugin),Set(Atom(sbt.plugins.JvmPlugin)))
[debug] Clause(Atom(sbt.plugins.SbtPlugin),Set(Atom(sbt.ScriptedPlugin)))
[debug] Clause(Atom(sbt.plugins.SemanticdbPlugin),Set(Atom(sbt.plugins.JvmPlugin)))
[debug] Clause(Atom(sbt.plugins.JUnitXmlReportPlugin),Set(Atom(sbt.plugins.JvmPlugin)))
[debug] Clause(Atom(sbt.plugins.MiniDependencyTreePlugin),Set(Atom(sbt.plugins.JvmPlugin)))
[debug] Clause(Atom(sbt.plugins.CorePlugin),Set(Atom(sbt.plugins.IvyPlugin)))
[debug] Clause(Atom(sbt.plugins.IvyPlugin),Set(Atom(sbt.plugins.JvmPlugin)))
[debug] Clause(Atom(sbt.plugins.JvmPlugin),Set(Atom(sbt.plugins.SemanticdbPlugin)))
[debug] Clause(Atom(sbt.plugins.JvmPlugin),Set(Atom(sbt.plugins.JUnitXmlReportPlugin)))
[debug] Clause(Atom(sbt.plugins.CorePlugin),Set(Atom(sbt.plugins.Giter8TemplatePlugin)))
[debug] Clause(Atom(sbt.plugins.JvmPlugin),Set(Atom(sbt.plugins.MiniDependencyTreePlugin))))
[debug]   :: deduced result: Matched(sbt.plugins.CorePlugin,sbt.plugins.Giter8TemplatePlugin,sbt.plugins.IvyPlugin,sbt.plugins.JvmPlugin,sbt.plugins.MiniDependencyTreePlugin,sbt.plugins.JUnitXmlReportPlugin,sbt.plugins.SemanticdbPlugin)
[debug] Plugins.deducer#function took 4.456083 ms
[info] loading settings for project rvcpu-build-build-build from metals.sbt...
[debug]                           Load.resolveProject(rvcpu-build-build-build) took 12.08225ms
[debug]                         Load.loadTransitive: finalizeProject(Project(id rvcpu-build-build-build, base: /Users/dashygo/Dev/Hardware/rvcpu/project/project/project, plugins: List(<none>))) took 23.901125ms
[debug] [Loading] Done in /Users/dashygo/Dev/Hardware/rvcpu/project/project/project, returning: (rvcpu-build-build-build)
[debug]                       Load.loadUnit: loadedProjectsRaw took 80.920833ms
[debug]                       Load.loadUnit: cleanEvalClasses took 1.274458ms
[debug]                     Load.loadUnit(file:/Users/dashygo/Dev/Hardware/rvcpu/project/project/project/, ...) took 100.937167ms
[debug]                   Load.apply: load took 367.563333ms
[debug]                   Load.apply: resolveProjects took 1.434458ms
[debug]                   Load.apply: finalTransforms took 18.144084ms
[debug]                   Load.apply: config.delegates took 1.91425ms
[debug]                   Load.apply: Def.make(settings)... took 112.579291ms
[debug]                   Load.apply: structureIndex took 28.772875ms
[debug]                   Load.apply: mkStreams took 0.497959ms
[info] loading project definition from /Users/dashygo/Dev/Hardware/rvcpu/project/project/project
[debug] Running task... Cancel: Signal, check cycles: false, forcegc: true
[debug]                 Load.loadUnit: plugins took 845.567584ms
[debug]                 Load.loadUnit: defsScala took 0.002166ms
[debug] [Loading] Scanning directory /Users/dashygo/Dev/Hardware/rvcpu/project/project
[debug]                   Load.loadUnit: mkEval took 0.111709ms
[debug] [Loading] Found non-root projects 
[debug] [Loading] Done in /Users/dashygo/Dev/Hardware/rvcpu/project/project, returning: ()
[debug] deducing auto plugins based on known facts Set(Atom(sbt.plugins.CorePlugin)) and clauses Clauses(Clause(Atom(sbt.plugins.JvmPlugin),Set(Atom(sbt.plugins.IvyPlugin)))
[debug] Clause(Atom(sbt.ScriptedPlugin),Set(Atom(sbt.plugins.JvmPlugin)))
[debug] Clause(Atom(sbt.plugins.SbtPlugin),Set(Atom(sbt.ScriptedPlugin)))
[debug] Clause(Atom(sbt.plugins.SemanticdbPlugin),Set(Atom(sbt.plugins.JvmPlugin)))
[debug] Clause(Atom(sbt.plugins.JUnitXmlReportPlugin),Set(Atom(sbt.plugins.JvmPlugin)))
[debug] Clause(Atom(sbt.plugins.MiniDependencyTreePlugin),Set(Atom(sbt.plugins.JvmPlugin)))
[debug] Clause(Atom(bloop.integrations.sbt.BloopPlugin),Set(Atom(sbt.plugins.JvmPlugin)))
[debug] Clause(Atom(sbt.plugins.CorePlugin),Set(Atom(sbt.plugins.IvyPlugin)))
[debug] Clause(Atom(sbt.plugins.IvyPlugin),Set(Atom(sbt.plugins.JvmPlugin)))
[debug] Clause(Atom(sbt.plugins.JvmPlugin),Set(Atom(sbt.plugins.SemanticdbPlugin)))
[debug] Clause(Atom(sbt.plugins.JvmPlugin),Set(Atom(sbt.plugins.JUnitXmlReportPlugin)))
[debug] Clause(Atom(sbt.plugins.CorePlugin),Set(Atom(sbt.plugins.Giter8TemplatePlugin)))
[debug] Clause(Atom(sbt.plugins.JvmPlugin),Set(Atom(sbt.plugins.MiniDependencyTreePlugin)))
[debug] Clause(Atom(sbt.plugins.JvmPlugin),Set(Atom(bloop.integrations.sbt.BloopPlugin))))
[debug]   :: deduced result: Matched(sbt.plugins.CorePlugin,sbt.plugins.Giter8TemplatePlugin,sbt.plugins.IvyPlugin,sbt.plugins.JvmPlugin,bloop.integrations.sbt.BloopPlugin,sbt.plugins.MiniDependencyTreePlugin,sbt.plugins.JUnitXmlReportPlugin,sbt.plugins.SemanticdbPlugin)
[debug] Plugins.deducer#function took 1.951792 ms
