[debug] > Exec(early(addDefaultCommands), None, None)
[debug] > Exec(addDefaultCommands, None, None)
[debug] > Exec(early(initialize), None, None)
[debug] > Exec(initialize, None, None)
[debug] > Exec(boot, None, None)
[debug] > Exec(writeSbtVersion, None, None)
[debug] > Exec(reload, None, None)
[debug] > Exec(sbtStashOnFailure, None, None)
[debug] > Exec(onFailure loadFailed, None, None)
[debug] > Exec(loadp, None, None)
[info] welcome to sbt 1.10.11 (Eclipse Adoptium Java 17.0.15)
[debug] Load.defaultLoad until apply took 22.369ms
[debug]                       Load.loadUnit: plugins took 16.993167ms
[debug]                       Load.loadUnit: defsScala took 0.053167ms
[debug] [Loading] Scanning directory /Users/dashygo/Dev/Hardware/rvcpu/project/project/project
[debug]                         Load.loadUnit: mkEval took 1.635125ms
[debug] [Loading] Found non-root projects 
[debug] [Loading] Done in /Users/dashygo/Dev/Hardware/rvcpu/project/project/project, returning: ()
[debug] deducing auto plugins based on known facts Set(Atom(sbt.plugins.CorePlugin)) and clauses Clauses(Clause(Atom(sbt.plugins.JvmPlugin),Set(Atom(sbt.plugins.IvyPlugin)))
[debug] Clause(Atom(sbt.ScriptedPlugin),Set(Atom(sbt.plugins.JvmPlugin)))
[debug] Clause(Atom(sbt.plugins.SbtPlugin),Set(Atom(sbt.ScriptedPlugin)))
[debug] Clause(Atom(sbt.plugins.SemanticdbPlugin),Set(Atom(sbt.plugins.JvmPlugin)))
[debug] Clause(Atom(sbt.plugins.JUnitXmlReportPlugin),Set(Atom(sbt.plugins.JvmPlugin)))
[debug] Clause(Atom(sbt.plugins.MiniDependencyTreePlugin),Set(Atom(sbt.plugins.JvmPlugin)))
[debug] Clause(Atom(sbt.plugins.CorePlugin),Set(Atom(sbt.plugins.IvyPlugin)))
[debug] Clause(Atom(sbt.plugins.IvyPlugin),Set(Atom(sbt.plugins.JvmPlugin)))
[debug] Clause(Atom(sbt.plugins.JvmPlugin),Set(Atom(sbt.plugins.SemanticdbPlugin)))
[debug] Clause(Atom(sbt.plugins.JvmPlugin),Set(Atom(sbt.plugins.JUnitXmlReportPlugin)))
[debug] Clause(Atom(sbt.plugins.CorePlugin),Set(Atom(sbt.plugins.Giter8TemplatePlugin)))
[debug] Clause(Atom(sbt.plugins.JvmPlugin),Set(Atom(sbt.plugins.MiniDependencyTreePlugin))))
[debug]   :: deduced result: Matched(sbt.plugins.CorePlugin,sbt.plugins.Giter8TemplatePlugin,sbt.plugins.IvyPlugin,sbt.plugins.JvmPlugin,sbt.plugins.MiniDependencyTreePlugin,sbt.plugins.JUnitXmlReportPlugin,sbt.plugins.SemanticdbPlugin)
[debug] Plugins.deducer#function took 6.615208 ms
[info] loading settings for project rvcpu-build-build-build from metals.sbt...
[debug]                           Load.resolveProject(rvcpu-build-build-build) took 12.718166ms
[debug]                         Load.loadTransitive: finalizeProject(Project(id rvcpu-build-build-build, base: /Users/dashygo/Dev/Hardware/rvcpu/project/project/project, plugins: List(<none>))) took 26.090958ms
[debug] [Loading] Done in /Users/dashygo/Dev/Hardware/rvcpu/project/project/project, returning: (rvcpu-build-build-build)
[debug]                       Load.loadUnit: loadedProjectsRaw took 81.581125ms
[debug]                       Load.loadUnit: cleanEvalClasses took 2.170583ms
[debug]                     Load.loadUnit(file:/Users/dashygo/Dev/Hardware/rvcpu/project/project/project/, ...) took 102.480792ms
